#
#model:
#
#<?xml version="1.0" encoding="UTF-8" standalone="no"?><input id="posterior" spec="beast.core.util.CompoundDistribution">
#    <distribution id="prior" spec="beast.core.util.CompoundDistribution">
#        <distribution id="ExtendedBayesianSkyline.t:bird_reptile_fly_mega_aligntrim" spec="beast.evolution.tree.coalescent.Coalescent">
#            <populationModel id="scaledDemo.t:bird_reptile_fly_mega_aligntrim" spec="beast.evolution.tree.coalescent.ScaledPopulationFunction">
#                <population id="demographic.alltrees" spec="beast.evolution.tree.coalescent.CompoundPopulationFunction">
#                    <parameter id="popSizes.alltrees" name="populationSizes">1.0</parameter>
#                    <populationIndicators id="indicators.alltrees" spec="beast.core.parameter.BooleanParameter">false</populationIndicators>
#                    <itree id="treeIntervals.t:bird_reptile_fly_mega_aligntrim" spec="beast.evolution.tree.coalescent.TreeIntervals">
#                        <tree id="Tree.t:bird_reptile_fly_mega_aligntrim">
#                            <taxonset id="TaxonSet.bird_reptile_fly_mega_aligntrim" spec="beast.evolution.alignment.TaxonSet">
#                            </taxonset>
#                        </tree>
#                    </itree>
#                </population>
#                <parameter id="RealParameter.1" lower="0.0" name="factor" upper="0.0">1.0</parameter>
#            </populationModel>
#            <treeIntervals idref="treeIntervals.t:bird_reptile_fly_mega_aligntrim"/>
#        </distribution>
#        <prior id="GammaShapePrior.s:bird_reptile_fly_mega_aligntrim" name="distribution">
#            <parameter id="gammaShape.s:bird_reptile_fly_mega_aligntrim" name="x">1.0</parameter>
#            <LogNormal id="LogNormalDistributionModel.0" name="distr">
#                <parameter estimate="false" id="RealParameter.9" name="M">1.0</parameter>
#                <parameter estimate="false" id="RealParameter.10" lower="0.0" name="S" upper="5.0">1.25</parameter>
#            </LogNormal>
#        </prior>
#        <prior id="indicatorsPrior.alltrees" name="distribution">
#            <x id="indsSun.alltrees" spec="beast.core.util.Sum">
#                <arg idref="indicators.alltrees"/>
#            </x>
#            <distr id="Poisson.EBSP" spec="beast.math.distributions.Poisson">
#                <parameter estimate="false" id="RealParameter.2" name="lambda" upper="0.0">0.69314718056</parameter>
#            </distr>
#        </prior>
#        <prior id="popSizePrior.alltrees" name="distribution" x="@popSizes.alltrees">
#            <Exponential id="popPriorDist.EBSP" name="distr">
#                <parameter id="populationMean.alltrees" name="mean">1.0</parameter>
#            </Exponential>
#        </prior>
#        <prior id="populationMeanPrior.alltrees" name="distribution" x="@populationMean.alltrees">
#            <OneOnX id="OneOnX.EBSP" name="distr"/>
#        </prior>
#        <prior id="ucldStdevPrior.c:bird_reptile_fly_mega_aligntrim" name="distribution">
#            <parameter id="ucldStdev.c:bird_reptile_fly_mega_aligntrim" lower="0.0" name="x">0.1</parameter>
#            <Gamma id="Gamma.1" name="distr">
#                <parameter estimate="false" id="RealParameter.7" name="alpha">0.5396</parameter>
#                <parameter estimate="false" id="RealParameter.8" name="beta">0.3819</parameter>
#            </Gamma>
#        </prior>
#    </distribution>
#    <distribution id="likelihood" spec="beast.core.util.CompoundDistribution" useThreads="true">
#        <distribution data="@bird_reptile_fly_mega_aligntrim" id="treeLikelihood.bird_reptile_fly_mega_aligntrim" spec="beast.evolution.likelihood.ThreadedTreeLikelihood" tree="@Tree.t:bird_reptile_fly_mega_aligntrim">
#            <siteModel gammaCategoryCount="4" id="SiteModel.s:bird_reptile_fly_mega_aligntrim" shape="@gammaShape.s:bird_reptile_fly_mega_aligntrim" spec="beast.evolution.sitemodel.SiteModel">
#                <parameter id="mutationRate.s:bird_reptile_fly_mega_aligntrim" name="mutationRate">1.0</parameter>
#                <parameter estimate="false" id="proportionInvariant.s:bird_reptile_fly_mega_aligntrim" lower="0.0" name="proportionInvariant" upper="1.0">0.0</parameter>
#                <substModel id="JTT.s:bird_reptile_fly_mega_aligntrim" spec="beast.evolution.substitutionmodel.JTT"/>
#            </siteModel>
#            <branchRateModel id="RelaxedClock.c:bird_reptile_fly_mega_aligntrim" spec="beast.evolution.branchratemodel.UCRelaxedClockModel" tree="@Tree.t:bird_reptile_fly_mega_aligntrim">
#                <LogNormal S="@ucldStdev.c:bird_reptile_fly_mega_aligntrim" id="LogNormalDistributionModel.c:bird_reptile_fly_mega_aligntrim" meanInRealSpace="true" name="distr">
#                    <parameter estimate="false" id="RealParameter.6" lower="0.0" name="M" upper="1.0">1.0</parameter>
#                </LogNormal>
#                <rateCategories dimension="38" id="rateCategories.c:bird_reptile_fly_mega_aligntrim" spec="beast.core.parameter.IntegerParameter">1</rateCategories>
#                <parameter estimate="false" id="ucldMean.c:bird_reptile_fly_mega_aligntrim" name="clock.rate">1.0</parameter>
#            </branchRateModel>
#        </distribution>
#    </distribution>
#</input>
#
Sample	posterior	likelihood	prior	treeLikelihood.bird_reptile_fly_mega_aligntrim	TreeHeight	mutationRate	gammaShape	ExtendedBayesianSkyline	indicators.alltrees1	indicators.alltrees2	indicators.alltrees3	indicators.alltrees4	indicators.alltrees5	indicators.alltrees6	indicators.alltrees7	indicators.alltrees8	indicators.alltrees9	indicators.alltrees10	indicators.alltrees11	indicators.alltrees12	indicators.alltrees13	indicators.alltrees14	indicators.alltrees15	indicators.alltrees16	indicators.alltrees17	indicators.alltrees18	indicators.alltrees19	populationMean.alltrees	popSizes.alltrees1	popSizes.alltrees2	popSizes.alltrees3	popSizes.alltrees4	popSizes.alltrees5	popSizes.alltrees6	popSizes.alltrees7	popSizes.alltrees8	popSizes.alltrees9	popSizes.alltrees10	popSizes.alltrees11	popSizes.alltrees12	popSizes.alltrees13	popSizes.alltrees14	popSizes.alltrees15	popSizes.alltrees16	popSizes.alltrees17	popSizes.alltrees18	popSizes.alltrees19	popSizes.alltrees20	sum(indicators.alltrees)	ucldStdev	rate.mean	rate.variance	rate.coefficientOfVariation
